<html>
<body>
<pre>
<h1>µVision Build Log</h1>
<h2>Tool Versions:</h2>
IDE-Version: ¦ÌVision V5.25.3.0
Copyright (C) 2018 ARM Ltd and ARM Germany GmbH. All rights reserved.
License Information: chen Sherwin, hll, LIC=X9E4T-RUM52-XB8ED-85TDG-HGE93-J17MT
 
Tool Versions:
Toolchain:       PK251 Prof. Developers Kit  Version: 5.60.0.0
Toolchain Path:  C:\Keil_v5\C251\BIN
C Compiler:      C251.exe V5.60.0.0
Assembler:       A251.exe V4.69.13.0
Linker/Locator:  L251.exe V4.66.93.0
Library Manager: LIB251.exe V4.30.1.0
Hex Converter:   OH251.exe V1.47.0.0
CPU DLL:         S251.DLL V3.129.0.0
Dialog DLL:      DCORE51.DLL V2.81.6.0
Target DLL:      STCMON251.DLL V0, 1, 0, 8
Dialog DLL:      TCORE51.DLL V2.66.4.0
 
<h2>Project:</h2>
D:\DataSpace\HardWork\GitHubRepo\Ai8051U\AI8051U-DEMO-CODE-V1-3\Ai8051U-32Bit\53-Motorcycle Interactive Lights\sample.uvproj
Project File Date:  11/09/2025

<h2>Output:</h2>
Build target 'Target 1'
compiling Task.c...
.\Sources\inc\motorcycle_light_system.h(76): error C25: syntax error near 's16'
.\Sources\inc\motorcycle_light_system.h(76): warning C34: 'accel_x': missing declaration specifiers
.\Sources\inc\motorcycle_light_system.h(76): error C42: 'accel_x': not in formal parameter list
.\Sources\inc\motorcycle_light_system.h(76): warning C34: 'accel_y': missing declaration specifiers
.\Sources\inc\motorcycle_light_system.h(76): error C42: 'accel_y': not in formal parameter list
.\Sources\inc\motorcycle_light_system.h(76): warning C34: 'accel_z': missing declaration specifiers
.\Sources\inc\motorcycle_light_system.h(76): error C42: 'accel_z': not in formal parameter list
.\Sources\inc\motorcycle_light_system.h(77): error C42: 'light_level': not in formal parameter list
.\Sources\inc\motorcycle_light_system.h(78): error C42: 'audio_level': not in formal parameter list
.\Sources\inc\motorcycle_light_system.h(79): error C42: 'battery_voltage': not in formal parameter list
.\Sources\inc\motorcycle_light_system.h(80): error C25: syntax error near '}'
.\Sources\inc\motorcycle_light_system.h(80): warning C34: 'SENSOR_DATA': missing declaration specifiers
.\Sources\inc\motorcycle_light_system.h(133): warning C34: 'sensor_data': missing declaration specifiers
.\Sources\inc\motorcycle_light_system.h(133): error C42: 'sensor_data': not in formal parameter list
.\Sources\inc\motorcycle_light_system.h(134): error C29: formal/parameter has illegal storage class
.\Sources\inc\motorcycle_light_system.h(134): error C33: 'pwm_duties': invalid storage class
.\Sources\inc\motorcycle_light_system.h(137): error C29: formal/parameter has illegal storage class
.\Sources\inc\motorcycle_light_system.h(137): error C33: 'led_colors': invalid storage class
.\Sources\inc\motorcycle_light_system.h(138): error C29: formal/parameter has illegal storage class
.\Sources\inc\motorcycle_light_system.h(138): error C33: 'ws2812_buffer': invalid storage class
.\Sources\inc\motorcycle_light_system.h(141): error C29: formal/parameter has illegal storage class
.\Sources\inc\motorcycle_light_system.h(141): error C33: 'audio_samples': invalid storage class
.\Sources\inc\motorcycle_light_system.h(142): error C29: formal/parameter has illegal storage class
.\Sources\inc\motorcycle_light_system.h(142): error C33: 'frequency_bands': invalid storage class
.\Sources\inc\motorcycle_light_system.h(145): error C29: formal/parameter has illegal storage class
.\Sources\inc\motorcycle_light_system.h(145): error C33: 'adc_audio_avg': invalid storage class
.\Sources\inc\motorcycle_light_system.h(146): error C29: formal/parameter has illegal storage class
.\Sources\inc\motorcycle_light_system.h(146): error C33: 'adc_battery_avg': invalid storage class
.\Sources\inc\motorcycle_light_system.h(149): error C29: formal/parameter has illegal storage class
.\Sources\inc\motorcycle_light_system.h(149): error C33: 'mode_timers': invalid storage class
.\Sources\inc\motorcycle_light_system.h(150): error C29: formal/parameter has illegal storage class
.\Sources\inc\motorcycle_light_system.h(150): error C33: 'active_modes': invalid storage class
.\Sources\inc\motorcycle_light_system.h(151): error C29: formal/parameter has illegal storage class
.\Sources\inc\motorcycle_light_system.h(151): error C33: 'active_mode_count': invalid storage class
.\Sources\inc\motorcycle_light_system.h(158): error C42: 'Motorcycle_Light_System_Init': not in formal parameter list
.\Sources\inc\motorcycle_light_system.h(159): error C42: 'GPIO_Config_Update': not in formal parameter list
.\Sources\inc\motorcycle_light_system.h(162): error C42: 'WS2812_Init': not in formal parameter list
.\Sources\inc\motorcycle_light_system.h(163): error C42: 'PWM_Multi_Channel_Init': not in formal parameter list
.\Sources\inc\motorcycle_light_system.h(164): error C42: 'ADC_DMA_Config_Multi': not in formal parameter list
.\Sources\inc\motorcycle_light_system.h(165): error C42: 'ADC_Start_Multi_DMA': not in formal parameter list
.\Sources\inc\motorcycle_light_system.h(168): error C42: 'Sample_Vehicle_Signal_Process': not in formal parameter list
.\Sources\inc\motorcycle_light_system.h(169): error C42: 'Sample_WS2812_DMA_Control': not in formal parameter list
.\Sources\inc\motorcycle_light_system.h(170): error C42: 'Sample_Button_Process': not in formal parameter list
.\Sources\inc\motorcycle_light_system.h(171): error C42: 'Sample_Sensor_Read': not in formal parameter list
.\Sources\inc\motorcycle_light_system.h(172): error C42: 'Sample_Light_Effect_Calculate': not in formal parameter list
.\Sources\inc\motorcycle_light_system.h(173): error C42: 'Sample_Audio_Process': not in formal parameter list
.\Sources\inc\motorcycle_light_system.h(174): error C42: 'Sample_Status_Display': not in formal parameter list
.\Sources\inc\motorcycle_light_system.h(175): error C42: 'Sample_Debug_Output': not in formal parameter list
.\Sources\inc\motorcycle_light_system.h(178): error C42: 'Brake_Signal_Active': not in formal parameter list
.\Sources\inc\motorcycle_light_system.h(179): error C42: 'Turn_Left_Signal_Active': not in formal parameter list
.\Sources\inc\motorcycle_light_system.h(180): error C42: 'Turn_Right_Signal_Active': not in formal parameter list
.\Sources\inc\motorcycle_light_system.h(181): error C42: 'High_Beam_Active': not in formal parameter list
.\Sources\inc\motorcycle_light_system.h(182): error C42: 'Audio_Signal_Detected': not in formal parameter list
.\Sources\inc\motorcycle_light_system.h(185): error C42: 'Set_Light_Mode': not in formal parameter list
.\Sources\inc\motorcycle_light_system.h(186): error C42: 'Apply_Light_Effect': not in formal parameter list
.\Sources\inc\motorcycle_light_system.h(187): error C42: 'WS2812_Send_DMA': not in formal parameter list
.\Sources\inc\motorcycle_light_system.h(188): error C42: 'WS2812_Encode_Buffer': not in formal parameter list
.\Sources\inc\motorcycle_light_system.h(189): error C42: 'Get_Light_Mode_Priority': not in formal parameter list
.\Sources\inc\motorcycle_light_system.h(192): error C42: 'System_State_Machine': not in formal parameter list
.\Sources\inc\motorcycle_light_system.h(193): error C42: 'Light_Mode_State_Machine': not in formal parameter list
.\Sources\inc\motorcycle_light_system.h(194): error C42: 'Check_Mode_Timeouts': not in formal parameter list
.\Sources\inc\motorcycle_light_system.h(197): error C25: syntax error near '*'
.\Sources\inc\motorcycle_light_system.h(197): error C42: 'MPU6050_Read_Accel': not in formal parameter list
.\Sources\inc\motorcycle_light_system.h(198): error C42: 'BH1750_Read_Light': not in formal parameter list
.\Sources\inc\motorcycle_light_system.h(201): error C42: 'Audio_FFT_Process': not in formal parameter list
.\Sources\inc\motorcycle_light_system.h(202): error C42: 'Calculate_Frequency_Bands': not in formal parameter list
.\Sources\inc\motorcycle_light_system.h(205): error C42: 'HSV_to_RGB': not in formal parameter list
.\Sources\inc\motorcycle_light_system.h(206): error C42: 'Update_PWM_Outputs': not in formal parameter list
.\Sources\inc\motorcycle_light_system.h(209): error C42: 'Print_System_Status': not in formal parameter list
.\Sources\inc\motorcycle_light_system.h(210): error C42: 'Print_Light_Status': not in formal parameter list
.\Sources\inc\app_intKey.h(38): error C29: formal/parameter has illegal storage class
.\Sources\inc\app_intKey.h(44): error C33: 'KEY_EVENT': invalid storage class
.\Sources\inc\app_intKey.h(47): error C29: formal/parameter has illegal storage class
.\Sources\inc\app_intKey.h(47): error C25: syntax error near '*'
.\Sources\inc\app_intKey.h(47): error C33: 'KeyEventCallback': invalid storage class
.\Sources\inc\app_intKey.h(54): error C29: formal/parameter has illegal storage class
.\Sources\inc\app_intKey.h(54): error C33: 'intKeyCode': invalid storage class
.\Sources\inc\app_intKey.h(55): error C29: formal/parameter has illegal storage class
.\Sources\inc\app_intKey.h(55): error C33: 'intKeyEvent': invalid storage class
.\Sources\inc\app_intKey.h(56): error C29: formal/parameter has illegal storage class
.\Sources\inc\app_intKey.h(56): error C33: 'intKeyState': invalid storage class
.\Sources\inc\app_intKey.h(59): error C29: formal/parameter has illegal storage class
.\Sources\inc\app_intKey.h(59): error C33: 'system_tick_ms': invalid storage class
.\Sources\inc\app_intKey.h(62): error C42: 'intKey_init': not in formal parameter list
.\Sources\inc\app_intKey.h(63): error C42: 'Sample_intKey': not in formal parameter list
.\Sources\inc\app_intKey.h(66): error C25: syntax error near 'callback'
.\Sources\inc\app_intKey.h(66): error C42: 'intKey_RegisterCallback': not in formal parameter list
.\Sources\inc\app_intKey.h(69): error C42: 'intKey_GetEventName': not in formal parameter list
.\Sources\inc\app_intKey.h(70): error C42: 'intKey_GetKeyName': not in formal parameter list
app.h(21): error C42: 'Sample_USB_Debug': not in formal parameter list
app.h(23): error C42: 'APP_config': not in formal parameter list
C:\Keil_v5\C251\Inc\stdio.h(29): error C29: formal/parameter has illegal storage class
C:\Keil_v5\C251\Inc\stdio.h(29): error C33: '_getkey': invalid storage class
C:\Keil_v5\C251\Inc\stdio.h(30): error C29: formal/parameter has illegal storage class
C:\Keil_v5\C251\Inc\stdio.h(30): error C33: 'getchar': invalid storage class
C:\Keil_v5\C251\Inc\stdio.h(31): error C29: formal/parameter has illegal storage class
C:\Keil_v5\C251\Inc\stdio.h(31): error C33: 'ungetchar': invalid storage class
C:\Keil_v5\C251\Inc\stdio.h(32): error C29: formal/parameter has illegal storage class
C:\Keil_v5\C251\Inc\stdio.h(32): error C33: 'putchar': invalid storage class
C:\Keil_v5\C251\Inc\stdio.h(33): error C29: formal/parameter has illegal storage class
C:\Keil_v5\C251\Inc\stdio.h(33): error C33: 'printf': invalid storage class
C:\Keil_v5\C251\Inc\stdio.h(34): error C29: formal/parameter has illegal storage class
C:\Keil_v5\C251\Inc\stdio.h(34): error C33: 'gets': invalid storage class
C:\Keil_v5\C251\Inc\stdio.h(35): error C29: formal/parameter has illegal storage class
C:\Keil_v5\C251\Inc\stdio.h(35): error C33: 'scanf': invalid storage class
C:\Keil_v5\C251\Inc\stdio.h(36): error C29: formal/parameter has illegal storage class
C251 FATAL-ERROR -
  ACTION:  PARSING SOURCE-FILE
  ERROR:    (LINE 36), MORE THAN 400 ERRORS IN SOURCE-FILE
C251 TERMINATED.
Target not created.
Build Time Elapsed:  00:00:01
</pre>
</body>
</html>
